<?xml version="1.0" encoding="UTF-8" ?>
<testsuite tests="28" failures="0" name="testRunner.TestRun" time="0.026" errors="0" skipped="0">
  <properties>
    <property name="java.runtime.name" value="OpenJDK Runtime Environment"/>
    <property name="sun.boot.library.path" value="/usr/lib/jvm/java-8-openjdk-amd64/jre/lib/amd64"/>
    <property name="java.vm.version" value="25.312-b07"/>
    <property name="java.vm.vendor" value="Private Build"/>
    <property name="maven.multiModuleProjectDirectory" value="/home/raju.yadav/eclipse-workspace/BBD_Cucumber_Framework"/>
    <property name="java.vendor.url" value="http://java.oracle.com/"/>
    <property name="path.separator" value=":"/>
    <property name="guice.disable.misplaced.annotation.check" value="true"/>
    <property name="java.vm.name" value="OpenJDK 64-Bit Server VM"/>
    <property name="file.encoding.pkg" value="sun.io"/>
    <property name="user.country" value="IN"/>
    <property name="sun.java.launcher" value="SUN_STANDARD"/>
    <property name="sun.os.patch.level" value="unknown"/>
    <property name="java.vm.specification.name" value="Java Virtual Machine Specification"/>
    <property name="user.dir" value="/home/raju.yadav/eclipse-workspace/BBD_Cucumber_Framework"/>
    <property name="java.runtime.version" value="1.8.0_312-8u312-b07-0ubuntu1~20.04-b07"/>
    <property name="java.awt.graphicsenv" value="sun.awt.X11GraphicsEnvironment"/>
    <property name="java.endorsed.dirs" value="/usr/lib/jvm/java-8-openjdk-amd64/jre/lib/endorsed"/>
    <property name="os.arch" value="amd64"/>
    <property name="java.io.tmpdir" value="/tmp"/>
    <property name="line.separator" value="
"/>
    <property name="java.vm.specification.vendor" value="Oracle Corporation"/>
    <property name="os.name" value="Linux"/>
    <property name="classworlds.conf" value="/usr/share/maven/bin/m2.conf"/>
    <property name="sun.jnu.encoding" value="UTF-8"/>
    <property name="java.library.path" value="/usr/java/packages/lib/amd64:/usr/lib/x86_64-linux-gnu/jni:/lib/x86_64-linux-gnu:/usr/lib/x86_64-linux-gnu:/usr/lib/jni:/lib:/usr/lib"/>
    <property name="maven.conf" value="/usr/share/maven/conf"/>
    <property name="java.specification.name" value="Java Platform API Specification"/>
    <property name="java.class.version" value="52.0"/>
    <property name="sun.management.compiler" value="HotSpot 64-Bit Tiered Compilers"/>
    <property name="os.version" value="5.13.0-35-generic"/>
    <property name="library.jansi.path" value="/usr/share/maven/lib/jansi-native"/>
    <property name="user.home" value="/home/raju.yadav"/>
    <property name="user.timezone" value="Asia/Kolkata"/>
    <property name="java.awt.printerjob" value="sun.print.PSPrinterJob"/>
    <property name="java.specification.version" value="1.8"/>
    <property name="file.encoding" value="UTF-8"/>
    <property name="user.name" value="raju.yadav"/>
    <property name="java.class.path" value="/usr/share/maven/boot/plexus-classworlds-2.x.jar"/>
    <property name="java.vm.specification.version" value="1.8"/>
    <property name="sun.arch.data.model" value="64"/>
    <property name="java.home" value="/usr/lib/jvm/java-8-openjdk-amd64/jre"/>
    <property name="sun.java.command" value="org.codehaus.plexus.classworlds.launcher.Launcher clean install"/>
    <property name="java.specification.vendor" value="Oracle Corporation"/>
    <property name="user.language" value="en"/>
    <property name="awt.toolkit" value="sun.awt.X11.XToolkit"/>
    <property name="java.vm.info" value="mixed mode"/>
    <property name="java.version" value="1.8.0_312"/>
    <property name="java.ext.dirs" value="/usr/lib/jvm/java-8-openjdk-amd64/jre/lib/ext:/usr/java/packages/lib/ext"/>
    <property name="securerandom.source" value="file:/dev/./urandom"/>
    <property name="sun.boot.class.path" value="/usr/lib/jvm/java-8-openjdk-amd64/jre/lib/resources.jar:/usr/lib/jvm/java-8-openjdk-amd64/jre/lib/rt.jar:/usr/lib/jvm/java-8-openjdk-amd64/jre/lib/sunrsasign.jar:/usr/lib/jvm/java-8-openjdk-amd64/jre/lib/jsse.jar:/usr/lib/jvm/java-8-openjdk-amd64/jre/lib/jce.jar:/usr/lib/jvm/java-8-openjdk-amd64/jre/lib/charsets.jar:/usr/lib/jvm/java-8-openjdk-amd64/jre/lib/jfr.jar:/usr/lib/jvm/java-8-openjdk-amd64/jre/classes"/>
    <property name="java.vendor" value="Private Build"/>
    <property name="maven.home" value="/usr/share/maven"/>
    <property name="file.separator" value="/"/>
    <property name="java.vendor.url.bug" value="http://bugreport.sun.com/bugreport/"/>
    <property name="sun.cpu.endian" value="little"/>
    <property name="sun.io.unicode.encoding" value="UnicodeLittle"/>
    <property name="sun.desktop" value="gnome"/>
    <property name="sun.cpu.isalist" value=""/>
  </properties>
  <testcase classname="Scenario: Search ARS number and verify details" name="Given User Launch Chrome browser" time="0.002"/>
  <testcase classname="Scenario: Search ARS number and verify details" name="When User opens URL &quot;http://35.154.153.79/bridge_aws_multi/&quot;" time="0"/>
  <testcase classname="Scenario: Search ARS number and verify details" name="And User enters Email as &quot;shariq.abbas@authbridge.com&quot; and Password as &quot;Test@#123!&quot;" time="0"/>
  <testcase classname="Scenario: Search ARS number and verify details" name="And Click on Login" time="0"/>
  <testcase classname="Scenario: Search ARS number and verify details" name="And Enter ars number in search text field" time="0"/>
  <testcase classname="Scenario: Search ARS number and verify details" name="Then Click on search button" time="0.001"/>
  <testcase classname="Scenario: Search ARS number and verify details" name="And Click on ars number to view the details" time="0"/>
  <testcase classname="Scenario: Search ARS number and verify details" name="And close browser" time="0.009"/>
  <testcase classname="Scenario: Search ARS number and verify details" name="Scenario: Search ARS number and verify details" time="0.01"/>
  <testcase classname="Scenario: Verify Docs Quality Role" name="Given User Launch Chrome browser" time="0"/>
  <testcase classname="Scenario: Verify Docs Quality Role" name="When User opens URL &quot;http://35.154.153.79/bridge_aws_multi/&quot;" time="0.001"/>
  <testcase classname="Scenario: Verify Docs Quality Role" name="And User enters Email as &quot;shariq.abbas@authbridge.com&quot; and Password as &quot;Test@#123!&quot;" time="0"/>
  <testcase classname="Scenario: Verify Docs Quality Role" name="And Click on Login" time="0"/>
  <testcase classname="Scenario: Verify Docs Quality Role" name="And Select Docs Quality role" time="0"/>
  <testcase classname="Scenario: Verify Docs Quality Role" name="Then Click on Dashboard Module" time="0"/>
  <testcase classname="Scenario: Verify Docs Quality Role" name="And Enter Ars number in search text field" time="0"/>
  <testcase classname="Scenario: Verify Docs Quality Role" name="Then Click On Search button of the ars" time="0"/>
  <testcase classname="Scenario: Verify Docs Quality Role" name="Then verify serach result No Cases found" time="0"/>
  <testcase classname="Scenario: Verify Docs Quality Role" name="And close browser" time="0"/>
  <testcase classname="Scenario: Verify Docs Quality Role" name="Scenario: Verify Docs Quality Role" time="0.001"/>
  <testcase classname="Scenario: Successful Login with Valid Credentials" name="Given User Launch Chrome browser" time="0"/>
  <testcase classname="Scenario: Successful Login with Valid Credentials" name="When User opens URL &quot;http://35.154.153.79/bridge_aws_multi/&quot;" time="0"/>
  <testcase classname="Scenario: Successful Login with Valid Credentials" name="And User enters Email as &quot;shariq.abbas@authbridge.com&quot; and Password as &quot;Test@#123!&quot;" time="0"/>
  <testcase classname="Scenario: Successful Login with Valid Credentials" name="And Click on Login" time="0"/>
  <testcase classname="Scenario: Successful Login with Valid Credentials" name="Then Page Title should be &quot;AuthBridge Research Services: Users&quot;" time="0.001"/>
  <testcase classname="Scenario: Successful Login with Valid Credentials" name="When User click on Log out link" time="0"/>
  <testcase classname="Scenario: Successful Login with Valid Credentials" name="And close browser" time="0"/>
  <testcase classname="Scenario: Successful Login with Valid Credentials" name="Scenario: Successful Login with Valid Credentials" time="0.001"/>
</testsuite>